빌드 시작: 2014-05-02 오전 3:37:03
     1>2 노드의 "C:\Users\uu\Documents\Visual Studio 2010\Projects\수치해석 계산기 만들기\수치해석 계산기 만들기\수치해석 계산기 만들기.vcxproj" 프로젝트(build 대상)입니다.
     1>InitializeBuildStatus:
         "AlwaysCreate"이(가) 지정되었기 때문에 "Debug\수치해석 계산기 만들기.unsuccessfulbuild"을(를) 만들고 있습니다.
       ClCompile:
         C:\Program Files (x86)\Microsoft Visual Studio 10.0\VC\bin\CL.exe /c /ZI /nologo /W3 /WX- /Od /Oy- /D WIN32 /D _DEBUG /D _CONSOLE /D _UNICODE /D UNICODE /Gm /EHsc /RTC1 /MDd /GS /fp:precise /Zc:wchar_t /Zc:forScope /Fo"Debug\\" /Fd"Debug\vc100.pdb" /Gd /TP /analyze- /errorReport:prompt calculater.cpp
         calculater.cpp
     1>c:\users\uu\documents\visual studio 2010\projects\수치해석 계산기 만들기\수치해석 계산기 만들기\trigf.h(35): warning C4244: '=' : 'double'에서 'long'(으)로 변환하면서 데이터가 손실될 수 있습니다.
     1>c:\users\uu\documents\visual studio 2010\projects\수치해석 계산기 만들기\수치해석 계산기 만들기\calculater.cpp(30): warning C4996: 'strtok': This function or variable may be unsafe. Consider using strtok_s instead. To disable deprecation, use _CRT_SECURE_NO_WARNINGS. See online help for details.
                 c:\program files (x86)\microsoft visual studio 10.0\vc\include\string.h(197) : 'strtok' 선언을 참조하십시오.
     1>c:\users\uu\documents\visual studio 2010\projects\수치해석 계산기 만들기\수치해석 계산기 만들기\calculater.cpp(36): warning C4996: 'strtok': This function or variable may be unsafe. Consider using strtok_s instead. To disable deprecation, use _CRT_SECURE_NO_WARNINGS. See online help for details.
                 c:\program files (x86)\microsoft visual studio 10.0\vc\include\string.h(197) : 'strtok' 선언을 참조하십시오.
     1>c:\users\uu\documents\visual studio 2010\projects\수치해석 계산기 만들기\수치해석 계산기 만들기\calculater.cpp(111): warning C4996: 'strtok': This function or variable may be unsafe. Consider using strtok_s instead. To disable deprecation, use _CRT_SECURE_NO_WARNINGS. See online help for details.
                 c:\program files (x86)\microsoft visual studio 10.0\vc\include\string.h(197) : 'strtok' 선언을 참조하십시오.
     1>c:\users\uu\documents\visual studio 2010\projects\수치해석 계산기 만들기\수치해석 계산기 만들기\trigf.h(48): warning C4715: 'sine' : 모든 제어 경로에서 값을 반환하지는 않습니다.
       Link:
         C:\Program Files (x86)\Microsoft Visual Studio 10.0\VC\bin\link.exe /ERRORREPORT:PROMPT /OUT:"C:\Users\uu\Documents\Visual Studio 2010\Projects\수치해석 계산기 만들기\Debug\수치해석 계산기 만들기.exe" /INCREMENTAL /NOLOGO kernel32.lib user32.lib gdi32.lib winspool.lib comdlg32.lib advapi32.lib shell32.lib ole32.lib oleaut32.lib uuid.lib odbc32.lib odbccp32.lib /MANIFEST /ManifestFile:"Debug\수치해석 계산기 만들기.exe.intermediate.manifest" /MANIFESTUAC:"level='asInvoker' uiAccess='false'" /DEBUG /PDB:"C:\Users\uu\Documents\Visual Studio 2010\Projects\수치해석 계산기 만들기\Debug\수치해석 계산기 만들기.pdb" /SUBSYSTEM:CONSOLE /TLBID:1 /DYNAMICBASE /NXCOMPAT /IMPLIB:"C:\Users\uu\Documents\Visual Studio 2010\Projects\수치해석 계산기 만들기\Debug\수치해석 계산기 만들기.lib" /MACHINE:X86 Debug\calculater.obj
         수치해석 계산기 만들기.vcxproj -> C:\Users\uu\Documents\Visual Studio 2010\Projects\수치해석 계산기 만들기\Debug\수치해석 계산기 만들기.exe
       Manifest:
         C:\Program Files (x86)\Microsoft SDKs\Windows\v7.0A\bin\mt.exe /nologo /verbose /out:"C:\Users\uu\Documents\Visual Studio 2010\Projects\수치해석 계산기 만들기\Debug\수치해석 계산기 만들기.exe.manifest" /manifest "Debug\수치해석 계산기 만들기.exe.intermediate.manifest"
       FinalizeBuildStatus:
         "Debug\수치해석 계산기 만들기.unsuccessfulbuild" 파일을 삭제하고 있습니다.
         "Debug\수치해석 계산기 만들기.lastbuildstate"에 연결(touching)하고 있습니다.
     1>"C:\Users\uu\Documents\Visual Studio 2010\Projects\수치해석 계산기 만들기\수치해석 계산기 만들기\수치해석 계산기 만들기.vcxproj" 프로젝트를 빌드했습니다(build 대상).

빌드했습니다.

경과 시간: 00:00:00.77
